<?xml version="1.0" encoding="UTF-8"?>
<!-- Generated by org.testng.reporters.JUnitXMLReporter -->
<testsuite ignored="7" hostname="GN2LADTPG02A8X7" failures="0" tests="2" name="Test" time="0.042" errors="0" timestamp="2021-09-13T00:06:14 IST">
  <testcase classname="Booking.BookHoliday" name="Booking_RoundTrp_Testcase1" time="0.007"/>
  <testcase classname="Booking.BookHoliday" name="Booking_RoundTrp_Testcase3" time="0.001"/>
  <testcase classname="Booking.BookaFlight" name="Booking_RoundTrp_Testcase2" time="0.0">
    <ignored/>
  </testcase> <!-- Booking_RoundTrp_Testcase2 -->
  <testcase classname="Booking.BookHoliday" name="Booking_RoundTrp_Testcase2" time="0.0">
    <ignored/>
  </testcase> <!-- Booking_RoundTrp_Testcase2 -->
  <testcase classname="Booking.BookaHotel" name="Booking_RoundTrp_Testcase1" time="0.0">
    <ignored/>
  </testcase> <!-- Booking_RoundTrp_Testcase1 -->
  <testcase classname="Booking.BookaFlight" name="Booking_Oneway_Testcase3" time="0.0">
    <ignored/>
  </testcase> <!-- Booking_Oneway_Testcase3 -->
  <testcase classname="Booking.BookaFlight" name="Booking_RoundTrp_Testcase1" time="0.0">
    <ignored/>
  </testcase> <!-- Booking_RoundTrp_Testcase1 -->
  <testcase classname="Booking.BookaHotel" name="Booking_RoundTrp_Testcase2" time="0.0">
    <ignored/>
  </testcase> <!-- Booking_RoundTrp_Testcase2 -->
  <testcase classname="Booking.BookaFlight" name="Booking_Oneway_Testcas5" time="0.0">
    <ignored/>
  </testcase> <!-- Booking_Oneway_Testcas5 -->
</testsuite> <!-- Test -->
